<?xml version="1.0" encoding="UTF-8"?>
<testsuite name="com.orhan.ApplicationTest" tests="1" skipped="0" failures="1" errors="0" timestamp="2022-10-05T08:31:54" hostname="Nizamuddins-MacBook-Pro.local" time="0.35">
  <properties/>
  <testcase name="testRoot" classname="com.orhan.ApplicationTest" time="0.35">
    <failure message="io.ktor.application.MissingApplicationFeatureException: Application feature WebSockets is not installed" type="io.ktor.application.MissingApplicationFeatureException">io.ktor.application.MissingApplicationFeatureException: Application feature WebSockets is not installed
	at app//io.ktor.application.ApplicationFeatureKt.feature(ApplicationFeature.kt:44)
	at app//io.ktor.websocket.RoutingKt.webSocketRaw(Routing.kt:55)
	at app//io.ktor.websocket.RoutingKt.webSocket(Routing.kt:196)
	at app//io.ktor.websocket.RoutingKt.webSocket$default(Routing.kt:191)
	at app//com.orhan.routes.RoutesKt.orderSocket(Routes.kt:17)
	at app//com.orhan.plugins.RoutingKt$configureRouting$1.invoke(Routing.kt:13)
	at app//com.orhan.plugins.RoutingKt$configureRouting$1.invoke(Routing.kt:12)
	at app//io.ktor.routing.Routing$Feature.install(Routing.kt:106)
	at app//io.ktor.routing.Routing$Feature.install(Routing.kt:88)
	at app//io.ktor.application.ApplicationFeatureKt.install(ApplicationFeature.kt:68)
	at app//com.orhan.plugins.RoutingKt.configureRouting(Routing.kt:12)
	at app//com.orhan.ApplicationTest$testRoot$1.invoke(ApplicationTest.kt:21)
	at app//com.orhan.ApplicationTest$testRoot$1.invoke(ApplicationTest.kt:21)
	at app//io.ktor.server.testing.TestEngineKt$withTestApplication$1.invoke(TestEngine.kt:67)
	at app//io.ktor.server.testing.TestEngineKt$withTestApplication$1.invoke(TestEngine.kt:66)
	at app//io.ktor.server.testing.TestEngineKt.withApplication(TestEngine.kt:49)
	at app//io.ktor.server.testing.TestEngineKt.withApplication$default(TestEngine.kt:41)
	at app//io.ktor.server.testing.TestEngineKt.withTestApplication(TestEngine.kt:66)
	at app//com.orhan.ApplicationTest.testRoot(ApplicationTest.kt:21)
	at java.base@15.0.2/jdk.internal.reflect.NativeMethodAccessorImpl.invoke0(Native Method)
	at java.base@15.0.2/jdk.internal.reflect.NativeMethodAccessorImpl.invoke(NativeMethodAccessorImpl.java:64)
	at java.base@15.0.2/jdk.internal.reflect.DelegatingMethodAccessorImpl.invoke(DelegatingMethodAccessorImpl.java:43)
	at java.base@15.0.2/java.lang.reflect.Method.invoke(Method.java:564)
	at app//org.junit.runners.model.FrameworkMethod$1.runReflectiveCall(FrameworkMethod.java:59)
	at app//org.junit.internal.runners.model.ReflectiveCallable.run(ReflectiveCallable.java:12)
	at app//org.junit.runners.model.FrameworkMethod.invokeExplosively(FrameworkMethod.java:56)
	at app//org.junit.internal.runners.statements.InvokeMethod.evaluate(InvokeMethod.java:17)
	at app//org.junit.internal.runners.statements.RunBefores.evaluate(RunBefores.java:26)
	at app//org.junit.runners.ParentRunner$3.evaluate(ParentRunner.java:306)
	at app//org.junit.runners.BlockJUnit4ClassRunner$1.evaluate(BlockJUnit4ClassRunner.java:100)
	at app//org.junit.runners.ParentRunner.runLeaf(ParentRunner.java:366)
	at app//org.junit.runners.BlockJUnit4ClassRunner.runChild(BlockJUnit4ClassRunner.java:103)
	at app//org.junit.runners.BlockJUnit4ClassRunner.runChild(BlockJUnit4ClassRunner.java:63)
	at app//org.junit.runners.ParentRunner$4.run(ParentRunner.java:331)
	at app//org.junit.runners.ParentRunner$1.schedule(ParentRunner.java:79)
	at app//org.junit.runners.ParentRunner.runChildren(ParentRunner.java:329)
	at app//org.junit.runners.ParentRunner.access$100(ParentRunner.java:66)
	at app//org.junit.runners.ParentRunner$2.evaluate(ParentRunner.java:293)
	at app//org.junit.runners.ParentRunner$3.evaluate(ParentRunner.java:306)
	at app//org.junit.runners.ParentRunner.run(ParentRunner.java:413)
	at org.gradle.api.internal.tasks.testing.junit.JUnitTestClassExecutor.runTestClass(JUnitTestClassExecutor.java:110)
	at org.gradle.api.internal.tasks.testing.junit.JUnitTestClassExecutor.execute(JUnitTestClassExecutor.java:58)
	at org.gradle.api.internal.tasks.testing.junit.JUnitTestClassExecutor.execute(JUnitTestClassExecutor.java:38)
	at org.gradle.api.internal.tasks.testing.junit.AbstractJUnitTestClassProcessor.processTestClass(AbstractJUnitTestClassProcessor.java:62)
	at org.gradle.api.internal.tasks.testing.SuiteTestClassProcessor.processTestClass(SuiteTestClassProcessor.java:51)
	at java.base@15.0.2/jdk.internal.reflect.NativeMethodAccessorImpl.invoke0(Native Method)
	at java.base@15.0.2/jdk.internal.reflect.NativeMethodAccessorImpl.invoke(NativeMethodAccessorImpl.java:64)
	at java.base@15.0.2/jdk.internal.reflect.DelegatingMethodAccessorImpl.invoke(DelegatingMethodAccessorImpl.java:43)
	at java.base@15.0.2/java.lang.reflect.Method.invoke(Method.java:564)
	at org.gradle.internal.dispatch.ReflectionDispatch.dispatch(ReflectionDispatch.java:36)
	at org.gradle.internal.dispatch.ReflectionDispatch.dispatch(ReflectionDispatch.java:24)
	at org.gradle.internal.dispatch.ContextClassLoaderDispatch.dispatch(ContextClassLoaderDispatch.java:33)
	at org.gradle.internal.dispatch.ProxyDispatchAdapter$DispatchingInvocationHandler.invoke(ProxyDispatchAdapter.java:94)
	at com.sun.proxy.$Proxy2.processTestClass(Unknown Source)
	at org.gradle.api.internal.tasks.testing.worker.TestWorker$2.run(TestWorker.java:176)
	at org.gradle.api.internal.tasks.testing.worker.TestWorker.executeAndMaintainThreadName(TestWorker.java:129)
	at org.gradle.api.internal.tasks.testing.worker.TestWorker.execute(TestWorker.java:100)
	at org.gradle.api.internal.tasks.testing.worker.TestWorker.execute(TestWorker.java:60)
	at org.gradle.process.internal.worker.child.ActionExecutionWorker.execute(ActionExecutionWorker.java:56)
	at org.gradle.process.internal.worker.child.SystemApplicationClassLoaderWorker.call(SystemApplicationClassLoaderWorker.java:133)
	at org.gradle.process.internal.worker.child.SystemApplicationClassLoaderWorker.call(SystemApplicationClassLoaderWorker.java:71)
	at app//worker.org.gradle.process.internal.worker.GradleWorkerMain.run(GradleWorkerMain.java:69)
	at app//worker.org.gradle.process.internal.worker.GradleWorkerMain.main(GradleWorkerMain.java:74)
</failure>
  </testcase>
  <system-out><![CDATA[2022-10-05 14:01:54.588 [Test worker] INFO  ktor.test - Autoreload is disabled because the development mode is off.
2022-10-05 14:01:54.594 [Test worker] INFO  ktor.test - Application started in 0.042 seconds.
]]></system-out>
  <system-err><![CDATA[]]></system-err>
</testsuite>
